<?xml version="1.0" encoding="UTF-8" ?>
<testsuite failures="0" time="0.031" errors="0" skipped="0" tests="5" name="ch.hszt.students.groupf.server.socket.SocketServerTest">
  <properties>
[...]
</properties>
  <testcase time="0.001" classname="ch.hszt.students.groupf.server.socket.SocketServerTest" name="testSocketServer"/>
  <testcase time="0" classname="ch.hszt.students.groupf.server.socket.SocketServerTest" name="testSendJoinedMsg"/>
  <testcase time="0" classname="ch.hszt.students.groupf.server.socket.SocketServerTest" name="testSendToAll"/>
  <testcase time="0" classname="ch.hszt.students.groupf.server.socket.SocketServerTest" name="testSendToSpecificUser"/>
  <testcase time="0" classname="ch.hszt.students.groupf.server.socket.SocketServerTest" name="testRemoveConnection"/>
</testsuite>